<?xml version="1.0" encoding="UTF-8"?>
<!-- Generated by org.testng.reporters.JUnitReportReporter -->
<testsuite hostname="DESKTOP-7B9OB8U" failures="0" tests="1" name="verificationUsingTestNG.AssertEquals" time="0.048" errors="0" timestamp="2022-06-15T10:57:57 IST" skipped="0">
  <testcase classname="verificationUsingTestNG.AssertEquals" name="myMethod" time="0.048"/>
  <system-out>
    <![CDATA[Strings are not matching TC is failed]]>
  </system-out>
</testsuite> <!-- verificationUsingTestNG.AssertEquals -->
