<?xml version="1.0" encoding="UTF-8"?>
<!-- Generated by org.testng.reporters.JUnitReportReporter -->
<testsuite hostname="DESKTOP-7B9OB8U" failures="0" tests="1" name="verificationUsingTestNG.AssertNull_And_AssertNotNull" time="0.060" errors="0" timestamp="2022-06-16T12:09:52 IST" skipped="0">
  <testcase classname="verificationUsingTestNG.AssertNull_And_AssertNotNull" name="myMethod" time="0.060"/>
  <system-out>
    <![CDATA[value is not null TC is failed]]>
  </system-out>
</testsuite> <!-- verificationUsingTestNG.AssertNull_And_AssertNotNull -->
