<?xml version="1.0" encoding="UTF-8"?>
<!-- Generated by org.testng.reporters.JUnitReportReporter -->
<testsuite hostname="DESKTOP-7B9OB8U" failures="0" tests="2" name="TestNG.Anatation_study" time="0.014" errors="0" timestamp="2022-06-10T13:48:07 IST" skipped="0">
  <testcase classname="TestNG.Anatation_study" name="mytest3" time="0.009"/>
  <system-out>
    <![CDATA[test method is running]]>
  </system-out>
  <testcase classname="TestNG.Anatation_study" name="mytest4" time="0.005"/>
  <system-out>
    <![CDATA[test method1 is running]]>
  </system-out>
</testsuite> <!-- TestNG.Anatation_study -->
