<?xml version="1.0" encoding="UTF-8"?>
<!-- Generated by org.testng.reporters.JUnitReportReporter -->
<testsuite hostname="DESKTOP-7B9OB8U" failures="0" tests="2" name="xml_study.MyTest1" time="0.007" errors="0" timestamp="2022-06-14T15:10:47 IST" skipped="0">
  <testcase classname="xml_study.MyTest1" name="myMethod6" time="0.003"/>
  <system-out>
    <![CDATA[mymethod1 is running]]>
  </system-out>
  <testcase classname="xml_study.MyTest1" name="myMethod10" time="0.004"/>
  <system-out>
    <![CDATA[mymethod10 is running]]>
  </system-out>
</testsuite> <!-- xml_study.MyTest1 -->
