<?xml version="1.0" encoding="UTF-8"?>
<!-- Generated by org.testng.reporters.JUnitReportReporter -->
<testsuite hostname="DESKTOP-MNLQ4J6" failures="0" tests="1" name="parallelExecution.Myclass1" time="6.694" errors="0" timestamp="2024-10-25T19:02:26 IST" skipped="0">
  <testcase classname="parallelExecution.Myclass1" name="myMethod1" time="6.694"/>
  <system-out>
    <![CDATA[myMethod1 is running]]>
  </system-out>
</testsuite> <!-- parallelExecution.Myclass1 -->
