<?xml version="1.0" encoding="UTF-8"?>
<!-- Generated by org.testng.reporters.JUnitReportReporter -->
<testsuite hostname="DESKTOP-7B9OB8U" failures="0" tests="1" name="TestNG.Anatation_study1" time="0.009" errors="0" timestamp="2022-06-10T13:50:51 IST" skipped="0">
  <testcase classname="TestNG.Anatation_study1" name="mytest2" time="0.009"/>
  <system-out>
    <![CDATA[test method1 is running]]>
  </system-out>
</testsuite> <!-- TestNG.Anatation_study1 -->
