<?xml version="1.0" encoding="UTF-8"?>
<!-- Generated by org.testng.reporters.JUnitReportReporter -->
<testsuite hostname="DESKTOP-7B9OB8U" failures="0" tests="1" name="verificationUsingTestNG.AssertTrueAndfalse" time="0.059" errors="0" timestamp="2022-06-15T11:13:07 IST" skipped="0">
  <testcase classname="verificationUsingTestNG.AssertTrueAndfalse" name="myMethod" time="0.059"/>
  <system-out>
    <![CDATA[value is false TC is failed]]>
  </system-out>
</testsuite> <!-- verificationUsingTestNG.AssertTrueAndfalse -->
