<?xml version="1.0" encoding="UTF-8"?>
<!-- Generated by org.testng.reporters.JUnitReportReporter -->
<testsuite hostname="DESKTOP-MNLQ4J6" failures="0" tests="4" name="testNG_Keywords.Enabled_use" time="0.024" errors="0" timestamp="2024-08-21T14:30:22 IST" skipped="1">
  <testcase classname="testNG_Keywords.Enabled_use" name="B" time="0.002"/>
  <system-out>
    <![CDATA[B is running]]>
  </system-out>
  <testcase classname="testNG_Keywords.Enabled_use" name="D" time="0.009"/>
  <system-out>
    <![CDATA[D is running]]>
  </system-out>
  <testcase classname="testNG_Keywords.Enabled_use" name="A" time="0.013"/>
  <system-out>
    <![CDATA[A is running]]>
  </system-out>
  <testcase classname="testNG_Keywords.Enabled_use" name="C">
    <skipped/>
  </testcase> <!-- C -->
  <system-out/>
</testsuite> <!-- testNG_Keywords.Enabled_use -->
