<?xml version="1.0" encoding="UTF-8"?>
<!-- Generated by org.testng.reporters.JUnitReportReporter -->
<testsuite hostname="DESKTOP-7B9OB8U" failures="0" tests="4" name="testNG_Keywords.Priority_use" time="0.169" errors="0" timestamp="2022-06-14T20:32:59 IST" skipped="0">
  <testcase classname="testNG_Keywords.Priority_use" name="C" time="0.022"/>
  <system-out>
    <![CDATA[C is running]]>
  </system-out>
  <testcase classname="testNG_Keywords.Priority_use" name="D" time="0.111"/>
  <system-out>
    <![CDATA[D is running]]>
  </system-out>
  <testcase classname="testNG_Keywords.Priority_use" name="A" time="0.017"/>
  <system-out>
    <![CDATA[A is running]]>
  </system-out>
  <testcase classname="testNG_Keywords.Priority_use" name="B" time="0.019"/>
  <system-out>
    <![CDATA[B is running]]>
  </system-out>
</testsuite> <!-- testNG_Keywords.Priority_use -->
