<?xml version="1.0" encoding="UTF-8"?>
<!-- Generated by org.testng.reporters.JUnitReportReporter -->
<testsuite hostname="DESKTOP-7B9OB8U" failures="0" tests="4" name="testNG_Keywords.TimeOutUse" time="1.280" errors="0" timestamp="2022-06-13T11:52:46 IST" skipped="0">
  <testcase classname="testNG_Keywords.TimeOutUse" name="A" time="0.041"/>
  <system-out>
    <![CDATA[A is running]]>
  </system-out>
  <testcase classname="testNG_Keywords.TimeOutUse" name="B" time="0.006"/>
  <system-out>
    <![CDATA[B is running]]>
  </system-out>
  <testcase classname="testNG_Keywords.TimeOutUse" name="C" time="0.006"/>
  <system-out>
    <![CDATA[C is running]]>
  </system-out>
  <testcase classname="testNG_Keywords.TimeOutUse" name="D" time="1.227"/>
  <system-out>
    <![CDATA[D is running]]>
  </system-out>
</testsuite> <!-- testNG_Keywords.TimeOutUse -->
