<?xml version="1.0" encoding="UTF-8"?>
<!-- Generated by org.testng.reporters.JUnitReportReporter -->
<testsuite hostname="DESKTOP-7B9OB8U" failures="0" tests="3" name="TestNG.NewTest" time="114.950" errors="0" timestamp="2022-06-09T21:26:35 IST" skipped="0">
  <testcase classname="TestNG.NewTest" name="method3" time="36.458"/>
  <system-out>
    <![CDATA[my method2 is running]]>
  </system-out>
  <testcase classname="TestNG.NewTest" name="method1" time="33.419"/>
  <system-out/>
  <testcase classname="TestNG.NewTest" name="method2" time="45.073"/>
  <system-out>
    <![CDATA[my method2 is running]]>
  </system-out>
</testsuite> <!-- TestNG.NewTest -->
