<?xml version="1.0" encoding="UTF-8"?>
<!-- Generated by org.testng.reporters.JUnitReportReporter -->
<testsuite hostname="DESKTOP-MNLQ4J6" failures="0" tests="4" name="xml_study.MyTest3" time="0.014" errors="0" timestamp="2024-06-16T10:13:44 IST" skipped="0">
  <testcase classname="xml_study.MyTest3" name="myMethod7" time="0.007"/>
  <system-out>
    <![CDATA[mymethod2 is running]]>
  </system-out>
  <testcase classname="xml_study.MyTest3" name="myMethod8" time="0.001"/>
  <system-out>
    <![CDATA[mymethod3 is running]]>
  </system-out>
  <testcase classname="xml_study.MyTest3" name="myMethod10" time="0.004"/>
  <system-out>
    <![CDATA[mymethod5 is running]]>
  </system-out>
  <testcase classname="xml_study.MyTest3" name="myMethod9" time="0.002"/>
  <system-out>
    <![CDATA[mymethod4 is running]]>
  </system-out>
</testsuite> <!-- xml_study.MyTest3 -->
