<?xml version="1.0" encoding="UTF-8"?>
<!-- Generated by org.testng.reporters.JUnitReportReporter -->
<testsuite hostname="DESKTOP-MNLQ4J6" failures="0" tests="1" name="parallelExecution.Myclass2" time="10.565" errors="0" timestamp="2024-10-25T19:02:26 IST" skipped="0">
  <testcase classname="parallelExecution.Myclass2" name="myMethod1" time="10.565"/>
  <system-out>
    <![CDATA[myMethod2 is running]]>
  </system-out>
</testsuite> <!-- parallelExecution.Myclass2 -->
