<?xml version="1.0" encoding="UTF-8"?>
<!-- Generated by org.testng.reporters.JUnitReportReporter -->
<testsuite hostname="DESKTOP-7B9OB8U" failures="0" tests="3" name="testNG_Keywords.InvocationCountUse" time="0.054" errors="0" timestamp="2022-06-13T10:23:53 IST" skipped="0">
  <testcase classname="testNG_Keywords.InvocationCountUse" name="myMethod" time="0.006"/>
  <system-out>
    <![CDATA[my method is Running]]>
  </system-out>
  <testcase classname="testNG_Keywords.InvocationCountUse" name="myMethod" time="0.010"/>
  <system-out>
    <![CDATA[my method is Running]]>
  </system-out>
  <testcase classname="testNG_Keywords.InvocationCountUse" name="myMethod" time="0.038"/>
  <system-out>
    <![CDATA[my method is Running]]>
  </system-out>
</testsuite> <!-- testNG_Keywords.InvocationCountUse -->
