<?xml version="1.0" encoding="UTF-8"?>
<!-- Generated by org.testng.reporters.JUnitReportReporter -->
<testsuite hostname="DESKTOP-MNLQ4J6" failures="0" tests="4" name="xml_study.MyTest2" time="0.019" errors="0" timestamp="2024-06-16T10:13:44 IST" skipped="0">
  <testcase classname="xml_study.MyTest2" name="myMethod5" time="0.001"/>
  <system-out>
    <![CDATA[mymethod5 is running]]>
  </system-out>
  <testcase classname="xml_study.MyTest2" name="myMethod4" time="0.001"/>
  <system-out>
    <![CDATA[mymethod4 is running]]>
  </system-out>
  <testcase classname="xml_study.MyTest2" name="myMethod3" time="0.002"/>
  <system-out>
    <![CDATA[mymethod3 is running]]>
  </system-out>
  <testcase classname="xml_study.MyTest2" name="myMethod2" time="0.015"/>
  <system-out>
    <![CDATA[mymethod2 is running]]>
  </system-out>
</testsuite> <!-- xml_study.MyTest2 -->
