<?xml version="1.0" encoding="UTF-8"?>
<!-- Generated by org.testng.reporters.JUnitReportReporter -->
<testsuite hostname="DESKTOP-7B9OB8U" failures="0" tests="1" name="kiteAppTestClasses.ValidateKiteUserID" time="22.329" errors="0" timestamp="2022-06-20T18:44:19 IST" skipped="0">
  <testcase classname="kiteAppTestClasses.ValidateKiteUserID" name="ValidateUsername" time="22.329"/>
  <system-out>
    <![CDATA[UserNames are matching TC is passed]]>
  </system-out>
</testsuite> <!-- kiteAppTestClasses.ValidateKiteUserID -->
