<?xml version="1.0" encoding="UTF-8"?>
<!-- Generated by org.testng.reporters.JUnitReportReporter -->
<testsuite hostname="DESKTOP-MNLQ4J6" failures="0" tests="3" name="TestNG.mytestNG_class" time="19.089" errors="0" timestamp="2024-10-25T18:40:38 IST" skipped="0">
  <testcase classname="TestNG.mytestNG_class" name="method2" time="5.344"/>
  <system-out>
    <![CDATA[my method2 is running]]>
  </system-out>
  <testcase classname="TestNG.mytestNG_class" name="method1" time="9.022"/>
  <system-out/>
  <testcase classname="TestNG.mytestNG_class" name="method3" time="4.723"/>
  <system-out>
    <![CDATA[my method2 is running]]>
  </system-out>
</testsuite> <!-- TestNG.mytestNG_class -->
