<?xml version="1.0" encoding="UTF-8"?>
<!-- Generated by org.testng.reporters.JUnitReportReporter -->
<testsuite hostname="DESKTOP-MNLQ4J6" failures="0" tests="5" name="xml_study.MyTest" time="0.055" errors="0" timestamp="2023-11-18T19:32:26 IST" skipped="0">
  <testcase classname="xml_study.MyTest" name="myMethod3" time="0.014"/>
  <system-out>
    <![CDATA[mymethod3 is running]]>
  </system-out>
  <testcase classname="xml_study.MyTest" name="myMethod5" time="0.004"/>
  <system-out>
    <![CDATA[mymethod5 is running]]>
  </system-out>
  <testcase classname="xml_study.MyTest" name="myMethod2" time="0.007"/>
  <system-out>
    <![CDATA[mymethod2 is running]]>
  </system-out>
  <testcase classname="xml_study.MyTest" name="myMethod1" time="0.026"/>
  <system-out>
    <![CDATA[mymethod1 is running]]>
  </system-out>
  <testcase classname="xml_study.MyTest" name="myMethod4" time="0.004"/>
  <system-out>
    <![CDATA[mymethod4 is running]]>
  </system-out>
</testsuite> <!-- xml_study.MyTest -->
