<?xml version="1.0" encoding="UTF-8"?>
<!-- Generated by org.testng.reporters.JUnitReportReporter -->
<testsuite hostname="DESKTOP-7B9OB8U" failures="0" tests="1" name="verificationUsingTestNG.Verification" time="32.482" errors="0" timestamp="2022-06-15T10:38:42 IST" skipped="0">
  <testcase classname="verificationUsingTestNG.Verification" name="myTC" time="32.482"/>
  <system-out>
    <![CDATA[checkbox is selected TC is passed]]>
  </system-out>
</testsuite> <!-- verificationUsingTestNG.Verification -->
